<html>
<head>
<title>TestNG:  Beamsity App Test Cases</title>
<link href="../testng.css" rel="stylesheet" type="text/css" />
<link href="../my-testng.css" rel="stylesheet" type="text/css" />

<style type="text/css">
.log { display: none;} 
.stack-trace { display: none;} 
</style>
<script type="text/javascript">
<!--
function flip(e) {
  current = e.style.display;
  if (current == 'block') {
    e.style.display = 'none';
    return 0;
  }
  else {
    e.style.display = 'block';
    return 1;
  }
}

function toggleBox(szDivId, elem, msg1, msg2)
{
  var res = -1;  if (document.getElementById) {
    res = flip(document.getElementById(szDivId));
  }
  else if (document.all) {
    // this is the way old msie versions work
    res = flip(document.all[szDivId]);
  }
  if(elem) {
    if(res == 0) elem.innerHTML = msg1; else elem.innerHTML = msg2;
  }

}

function toggleAllBoxes() {
  if (document.getElementsByTagName) {
    d = document.getElementsByTagName('div');
    for (i = 0; i < d.length; i++) {
      if (d[i].className == 'log') {
        flip(d[i]);
      }
    }
  }
}

// -->
</script>

</head>
<body>
<h2 align='center'>Beamsity App Test Cases</h2><table border='1' align="center">
<tr>
<td>Tests passed/Failed/Skipped:</td><td>15/3/0</td>
</tr><tr>
<td>Started on:</td><td>Thu Jan 21 20:44:13 WAT 2021</td>
</tr>
<tr><td>Total time:</td><td>218 seconds (218514 ms)</td>
</tr><tr>
<td>Included groups:</td><td></td>
</tr><tr>
<td>Excluded groups:</td><td></td>
</tr>
</table><p/>
<small><i>(Hover the method name to see the test class name)</i></small><p/>
<table width='100%' border='1' class='invocation-failed'>
<tr><td colspan='4' align='center'><b>FAILED TESTS</b></td></tr>
<tr><td><b>Test method</b></td>
<td width="30%"><b>Exception</b></td>
<td width="10%"><b>Time (seconds)</b></td>
<td><b>Instance</b></td>
</tr>
<tr>
<td title='com.fbistech.testcases.SignupPageTest.signUpPageTitleTest()'><b>signUpPageTitleTest</b><br>Test class: com.fbistech.testcases.SignupPageTest</td>
<td><div><pre>junit.framework.ComparisonFailure: expected:&lt;...&gt; but was:&lt;Signup to ...&gt;
	at junit.framework.Assert.assertEquals(Assert.java:81)
	at junit.framework.Assert.assertEquals(Assert.java:87)
	at com.fbistech.testcases.SignupPageTest.signUpPageTitleTest(SignupPageTest.java:40)
	at java.util.ArrayList.forEach(ArrayList.java:1257)
... Removed 27 stack frames</pre></div><a href='#' onClick='toggleBox("stack-trace1260487756", this, "Click to show all stack frames", "Click to hide stack frames")'>Click to show all stack frames</a>
<div class='stack-trace' id='stack-trace1260487756'><pre>junit.framework.ComparisonFailure: expected:&lt;...&gt; but was:&lt;Signup to ...&gt;
	at junit.framework.Assert.assertEquals(Assert.java:81)
	at junit.framework.Assert.assertEquals(Assert.java:87)
	at com.fbistech.testcases.SignupPageTest.signUpPageTitleTest(SignupPageTest.java:40)
	at sun.reflect.NativeMethodAccessorImpl.invoke0(Native Method)
	at sun.reflect.NativeMethodAccessorImpl.invoke(NativeMethodAccessorImpl.java:62)
	at sun.reflect.DelegatingMethodAccessorImpl.invoke(DelegatingMethodAccessorImpl.java:43)
	at java.lang.reflect.Method.invoke(Method.java:498)
	at org.testng.internal.MethodInvocationHelper.invokeMethod(MethodInvocationHelper.java:135)
	at org.testng.internal.TestInvoker.invokeMethod(TestInvoker.java:598)
	at org.testng.internal.TestInvoker.invokeTestMethod(TestInvoker.java:174)
	at org.testng.internal.MethodRunner.runInSequence(MethodRunner.java:46)
	at org.testng.internal.TestInvoker$MethodInvocationAgent.invoke(TestInvoker.java:821)
	at org.testng.internal.TestInvoker.invokeTestMethods(TestInvoker.java:147)
	at org.testng.internal.TestMethodWorker.invokeTestMethods(TestMethodWorker.java:146)
	at org.testng.internal.TestMethodWorker.run(TestMethodWorker.java:128)
	at java.util.ArrayList.forEach(ArrayList.java:1257)
	at org.testng.TestRunner.privateRun(TestRunner.java:767)
	at org.testng.TestRunner.run(TestRunner.java:588)
	at org.testng.SuiteRunner.runTest(SuiteRunner.java:384)
	at org.testng.SuiteRunner.runSequentially(SuiteRunner.java:378)
	at org.testng.SuiteRunner.privateRun(SuiteRunner.java:337)
	at org.testng.SuiteRunner.run(SuiteRunner.java:286)
	at org.testng.SuiteRunnerWorker.runSuite(SuiteRunnerWorker.java:53)
	at org.testng.SuiteRunnerWorker.run(SuiteRunnerWorker.java:96)
	at org.testng.TestNG.runSuitesSequentially(TestNG.java:1214)
	at org.testng.TestNG.runSuitesLocally(TestNG.java:1136)
	at org.testng.TestNG.runSuites(TestNG.java:1066)
	at org.testng.TestNG.run(TestNG.java:1034)
	at org.testng.remote.AbstractRemoteTestNG.run(AbstractRemoteTestNG.java:115)
	at org.testng.remote.RemoteTestNG.initAndRun(RemoteTestNG.java:251)
	at org.testng.remote.RemoteTestNG.main(RemoteTestNG.java:77)
</pre></div></td>
<td>0</td>
<td>com.fbistech.testcases.SignupPageTest@6f195bc3</td></tr>
<tr>
<td title='com.fbistech.testcases.LoginPageTest.verifyLoginPageTitleTest()'><b>verifyLoginPageTitleTest</b><br>Test class: com.fbistech.testcases.LoginPageTest</td>
<td><div><pre>java.lang.AssertionError: expected [Login to Beamsity] but found [Beamsity]
	at com.fbistech.testcases.LoginPageTest.verifyLoginPageTitleTest(LoginPageTest.java:46)
	at java.util.ArrayList.forEach(ArrayList.java:1257)
... Removed 32 stack frames</pre></div><a href='#' onClick='toggleBox("stack-trace909282611", this, "Click to show all stack frames", "Click to hide stack frames")'>Click to show all stack frames</a>
<div class='stack-trace' id='stack-trace909282611'><pre>java.lang.AssertionError: expected [Login to Beamsity] but found [Beamsity]
	at org.testng.Assert.fail(Assert.java:97)
	at org.testng.Assert.assertEqualsImpl(Assert.java:136)
	at org.testng.Assert.assertEquals(Assert.java:118)
	at org.testng.Assert.assertEquals(Assert.java:575)
	at org.testng.Assert.assertEquals(Assert.java:585)
	at com.fbistech.testcases.LoginPageTest.verifyLoginPageTitleTest(LoginPageTest.java:46)
	at sun.reflect.NativeMethodAccessorImpl.invoke0(Native Method)
	at sun.reflect.NativeMethodAccessorImpl.invoke(NativeMethodAccessorImpl.java:62)
	at sun.reflect.DelegatingMethodAccessorImpl.invoke(DelegatingMethodAccessorImpl.java:43)
	at java.lang.reflect.Method.invoke(Method.java:498)
	at org.testng.internal.MethodInvocationHelper.invokeMethod(MethodInvocationHelper.java:135)
	at org.testng.internal.TestInvoker.invokeMethod(TestInvoker.java:598)
	at org.testng.internal.TestInvoker.invokeTestMethod(TestInvoker.java:174)
	at org.testng.internal.MethodRunner.runInSequence(MethodRunner.java:46)
	at org.testng.internal.TestInvoker$MethodInvocationAgent.invoke(TestInvoker.java:821)
	at org.testng.internal.TestInvoker.invokeTestMethods(TestInvoker.java:147)
	at org.testng.internal.TestMethodWorker.invokeTestMethods(TestMethodWorker.java:146)
	at org.testng.internal.TestMethodWorker.run(TestMethodWorker.java:128)
	at java.util.ArrayList.forEach(ArrayList.java:1257)
	at org.testng.TestRunner.privateRun(TestRunner.java:767)
	at org.testng.TestRunner.run(TestRunner.java:588)
	at org.testng.SuiteRunner.runTest(SuiteRunner.java:384)
	at org.testng.SuiteRunner.runSequentially(SuiteRunner.java:378)
	at org.testng.SuiteRunner.privateRun(SuiteRunner.java:337)
	at org.testng.SuiteRunner.run(SuiteRunner.java:286)
	at org.testng.SuiteRunnerWorker.runSuite(SuiteRunnerWorker.java:53)
	at org.testng.SuiteRunnerWorker.run(SuiteRunnerWorker.java:96)
	at org.testng.TestNG.runSuitesSequentially(TestNG.java:1214)
	at org.testng.TestNG.runSuitesLocally(TestNG.java:1136)
	at org.testng.TestNG.runSuites(TestNG.java:1066)
	at org.testng.TestNG.run(TestNG.java:1034)
	at org.testng.remote.AbstractRemoteTestNG.run(AbstractRemoteTestNG.java:115)
	at org.testng.remote.RemoteTestNG.initAndRun(RemoteTestNG.java:251)
	at org.testng.remote.RemoteTestNG.main(RemoteTestNG.java:77)
</pre></div></td>
<td>0</td>
<td>com.fbistech.testcases.LoginPageTest@307f6b8c</td></tr>
<tr>
<td title='com.fbistech.testcases.LoginPageTest.verifyUserCanClickLoginLink()'><b>verifyUserCanClickLoginLink</b><br>Test class: com.fbistech.testcases.LoginPageTest</td>
<td><div><pre>org.openqa.selenium.ElementNotInteractableException: element not interactable: element has zero size
  (Session info: chrome=87.0.4280.141)
Build info: version: &apos;3.141.59&apos;, revision: &apos;e82be7d358&apos;, time: &apos;2018-11-14T08:25:53&apos;
System info: host: &apos;Josephs-MacBoo.local&apos;, ip: &apos;fd00:0:0:1:34e0:24c0:f05e:914%en0&apos;, os.name: &apos;Mac OS X&apos;, os.arch: &apos;x86_64&apos;, os.version: &apos;10.15.7&apos;, java.version: &apos;1.8.0_241&apos;
Driver info: org.openqa.selenium.chrome.ChromeDriver
Capabilities {acceptInsecureCerts: false, browserName: chrome, browserVersion: 87.0.4280.141, chrome: {chromedriverVersion: 87.0.4280.88 (89e2380a3e36c..., userDataDir: /var/folders/j4/j04gn4bj1dl...}, goog:chromeOptions: {debuggerAddress: localhost:61188}, javascriptEnabled: true, networkConnectionEnabled: false, pageLoadStrategy: normal, platform: MAC, platformName: MAC, proxy: Proxy(), setWindowRect: true, strictFileInteractability: false, timeouts: {implicit: 0, pageLoad: 300000, script: 30000}, unhandledPromptBehavior: dismiss and notify, webauthn:virtualAuthenticators: true}
Session ID: fde278c2cff38c2add1690a107c847af
	at org.openqa.selenium.remote.http.W3CHttpResponseCodec.createException(W3CHttpResponseCodec.java:187)
	at org.openqa.selenium.remote.http.W3CHttpResponseCodec.decode(W3CHttpResponseCodec.java:122)
	at org.openqa.selenium.remote.http.W3CHttpResponseCodec.decode(W3CHttpResponseCodec.java:49)
	at org.openqa.selenium.remote.HttpCommandExecutor.execute(HttpCommandExecutor.java:158)
	at org.openqa.selenium.remote.service.DriverCommandExecutor.execute(DriverCommandExecutor.java:83)
	at org.openqa.selenium.remote.RemoteWebDriver.execute(RemoteWebDriver.java:552)
	at org.openqa.selenium.remote.RemoteWebElement.execute(RemoteWebElement.java:285)
	at org.openqa.selenium.remote.RemoteWebElement.click(RemoteWebElement.java:84)
	at org.openqa.selenium.support.events.EventFiringWebDriver$EventFiringWebElement.lambda$new$0(EventFiringWebDriver.java:404)
	at com.sun.proxy.$Proxy13.click(Unknown Source)
	at org.openqa.selenium.support.events.EventFiringWebDriver$EventFiringWebElement.click(EventFiringWebDriver.java:417)
	at org.openqa.selenium.support.pagefactory.internal.LocatingElementHandler.invoke(LocatingElementHandler.java:51)
	at com.sun.proxy.$Proxy8.click(Unknown Source)
	at com.fbistech.pages.SignUpPage.clickOnLoginLink(SignUpPage.java:72)
	at com.fbistech.testcases.LoginPageTest.verifyUserCanClickLoginLink(LoginPageTest.java:57)
	at java.util.ArrayList.forEach(ArrayList.java:1257)
... Removed 39 stack frames</pre></div><a href='#' onClick='toggleBox("stack-trace1608633989", this, "Click to show all stack frames", "Click to hide stack frames")'>Click to show all stack frames</a>
<div class='stack-trace' id='stack-trace1608633989'><pre>org.openqa.selenium.ElementNotInteractableException: element not interactable: element has zero size
  (Session info: chrome=87.0.4280.141)
Build info: version: &apos;3.141.59&apos;, revision: &apos;e82be7d358&apos;, time: &apos;2018-11-14T08:25:53&apos;
System info: host: &apos;Josephs-MacBoo.local&apos;, ip: &apos;fd00:0:0:1:34e0:24c0:f05e:914%en0&apos;, os.name: &apos;Mac OS X&apos;, os.arch: &apos;x86_64&apos;, os.version: &apos;10.15.7&apos;, java.version: &apos;1.8.0_241&apos;
Driver info: org.openqa.selenium.chrome.ChromeDriver
Capabilities {acceptInsecureCerts: false, browserName: chrome, browserVersion: 87.0.4280.141, chrome: {chromedriverVersion: 87.0.4280.88 (89e2380a3e36c..., userDataDir: /var/folders/j4/j04gn4bj1dl...}, goog:chromeOptions: {debuggerAddress: localhost:61188}, javascriptEnabled: true, networkConnectionEnabled: false, pageLoadStrategy: normal, platform: MAC, platformName: MAC, proxy: Proxy(), setWindowRect: true, strictFileInteractability: false, timeouts: {implicit: 0, pageLoad: 300000, script: 30000}, unhandledPromptBehavior: dismiss and notify, webauthn:virtualAuthenticators: true}
Session ID: fde278c2cff38c2add1690a107c847af
	at sun.reflect.NativeConstructorAccessorImpl.newInstance0(Native Method)
	at sun.reflect.NativeConstructorAccessorImpl.newInstance(NativeConstructorAccessorImpl.java:62)
	at sun.reflect.DelegatingConstructorAccessorImpl.newInstance(DelegatingConstructorAccessorImpl.java:45)
	at java.lang.reflect.Constructor.newInstance(Constructor.java:423)
	at org.openqa.selenium.remote.http.W3CHttpResponseCodec.createException(W3CHttpResponseCodec.java:187)
	at org.openqa.selenium.remote.http.W3CHttpResponseCodec.decode(W3CHttpResponseCodec.java:122)
	at org.openqa.selenium.remote.http.W3CHttpResponseCodec.decode(W3CHttpResponseCodec.java:49)
	at org.openqa.selenium.remote.HttpCommandExecutor.execute(HttpCommandExecutor.java:158)
	at org.openqa.selenium.remote.service.DriverCommandExecutor.execute(DriverCommandExecutor.java:83)
	at org.openqa.selenium.remote.RemoteWebDriver.execute(RemoteWebDriver.java:552)
	at org.openqa.selenium.remote.RemoteWebElement.execute(RemoteWebElement.java:285)
	at org.openqa.selenium.remote.RemoteWebElement.click(RemoteWebElement.java:84)
	at sun.reflect.NativeMethodAccessorImpl.invoke0(Native Method)
	at sun.reflect.NativeMethodAccessorImpl.invoke(NativeMethodAccessorImpl.java:62)
	at sun.reflect.DelegatingMethodAccessorImpl.invoke(DelegatingMethodAccessorImpl.java:43)
	at java.lang.reflect.Method.invoke(Method.java:498)
	at org.openqa.selenium.support.events.EventFiringWebDriver$EventFiringWebElement.lambda$new$0(EventFiringWebDriver.java:404)
	at com.sun.proxy.$Proxy13.click(Unknown Source)
	at org.openqa.selenium.support.events.EventFiringWebDriver$EventFiringWebElement.click(EventFiringWebDriver.java:417)
	at sun.reflect.NativeMethodAccessorImpl.invoke0(Native Method)
	at sun.reflect.NativeMethodAccessorImpl.invoke(NativeMethodAccessorImpl.java:62)
	at sun.reflect.DelegatingMethodAccessorImpl.invoke(DelegatingMethodAccessorImpl.java:43)
	at java.lang.reflect.Method.invoke(Method.java:498)
	at org.openqa.selenium.support.pagefactory.internal.LocatingElementHandler.invoke(LocatingElementHandler.java:51)
	at com.sun.proxy.$Proxy8.click(Unknown Source)
	at com.fbistech.pages.SignUpPage.clickOnLoginLink(SignUpPage.java:72)
	at com.fbistech.testcases.LoginPageTest.verifyUserCanClickLoginLink(LoginPageTest.java:57)
	at sun.reflect.NativeMethodAccessorImpl.invoke0(Native Method)
	at sun.reflect.NativeMethodAccessorImpl.invoke(NativeMethodAccessorImpl.java:62)
	at sun.reflect.DelegatingMethodAccessorImpl.invoke(DelegatingMethodAccessorImpl.java:43)
	at java.lang.reflect.Method.invoke(Method.java:498)
	at org.testng.internal.MethodInvocationHelper.invokeMethod(MethodInvocationHelper.java:135)
	at org.testng.internal.TestInvoker.invokeMethod(TestInvoker.java:598)
	at org.testng.internal.TestInvoker.invokeTestMethod(TestInvoker.java:174)
	at org.testng.internal.MethodRunner.runInSequence(MethodRunner.java:46)
	at org.testng.internal.TestInvoker$MethodInvocationAgent.invoke(TestInvoker.java:821)
	at org.testng.internal.TestInvoker.invokeTestMethods(TestInvoker.java:147)
	at org.testng.internal.TestMethodWorker.invokeTestMethods(TestMethodWorker.java:146)
	at org.testng.internal.TestMethodWorker.run(TestMethodWorker.java:128)
	at java.util.ArrayList.forEach(ArrayList.java:1257)
	at org.testng.TestRunner.privateRun(TestRunner.java:767)
	at org.testng.TestRunner.run(TestRunner.java:588)
	at org.testng.SuiteRunner.runTest(SuiteRunner.java:384)
	at org.testng.SuiteRunner.runSequentially(SuiteRunner.java:378)
	at org.testng.SuiteRunner.privateRun(SuiteRunner.java:337)
	at org.testng.SuiteRunner.run(SuiteRunner.java:286)
	at org.testng.SuiteRunnerWorker.runSuite(SuiteRunnerWorker.java:53)
	at org.testng.SuiteRunnerWorker.run(SuiteRunnerWorker.java:96)
	at org.testng.TestNG.runSuitesSequentially(TestNG.java:1214)
	at org.testng.TestNG.runSuitesLocally(TestNG.java:1136)
	at org.testng.TestNG.runSuites(TestNG.java:1066)
	at org.testng.TestNG.run(TestNG.java:1034)
	at org.testng.remote.AbstractRemoteTestNG.run(AbstractRemoteTestNG.java:115)
	at org.testng.remote.RemoteTestNG.initAndRun(RemoteTestNG.java:251)
	at org.testng.remote.RemoteTestNG.main(RemoteTestNG.java:77)
</pre></div></td>
<td>0</td>
<td>com.fbistech.testcases.LoginPageTest@307f6b8c</td></tr>
</table><p>
<table width='100%' border='1' class='invocation-passed'>
<tr><td colspan='4' align='center'><b>PASSED TESTS</b></td></tr>
<tr><td><b>Test method</b></td>
<td width="30%"><b>Exception</b></td>
<td width="10%"><b>Time (seconds)</b></td>
<td><b>Instance</b></td>
</tr>
<tr>
<td title='com.fbistech.testcases.SponsorPageTest.verifyCityDropdownValue()'><b>verifyCityDropdownValue</b><br>Test class: com.fbistech.testcases.SponsorPageTest</td>
<td></td>
<td>0</td>
<td>com.fbistech.testcases.SponsorPageTest@51e2adc7</td></tr>
<tr>
<td title='com.fbistech.testcases.SponsorPageTest.verifyCountryDropdownValue()'><b>verifyCountryDropdownValue</b><br>Test class: com.fbistech.testcases.SponsorPageTest</td>
<td></td>
<td>0</td>
<td>com.fbistech.testcases.SponsorPageTest@51e2adc7</td></tr>
<tr>
<td title='com.fbistech.testcases.SignupPageTest.verifySignUpLinkTest()'><b>verifySignUpLinkTest</b><br>Test class: com.fbistech.testcases.SignupPageTest</td>
<td></td>
<td>0</td>
<td>com.fbistech.testcases.SignupPageTest@6f195bc3</td></tr>
<tr>
<td title='com.fbistech.testcases.SignupPageTest.verifySignUpTest()'><b>verifySignUpTest</b><br>Test class: com.fbistech.testcases.SignupPageTest</td>
<td></td>
<td>1</td>
<td>com.fbistech.testcases.SignupPageTest@6f195bc3</td></tr>
<tr>
<td title='com.fbistech.testcases.CompanyPageTest.verifyUserCanClickCompanyLink()'><b>verifyUserCanClickCompanyLink</b><br>Test class: com.fbistech.testcases.CompanyPageTest</td>
<td></td>
<td>0</td>
<td>com.fbistech.testcases.CompanyPageTest@7e2d773b</td></tr>
<tr>
<td title='com.fbistech.testcases.CoursesPageTest.verifyUserCanClickCoursesLink()'><b>verifyUserCanClickCoursesLink</b><br>Test class: com.fbistech.testcases.CoursesPageTest</td>
<td></td>
<td>0</td>
<td>com.fbistech.testcases.CoursesPageTest@2173f6d9</td></tr>
<tr>
<td title='com.fbistech.testcases.School_OrganizationPageTest.verifyUserCanClickOnSchoolFormBtn()'><b>verifyUserCanClickOnSchoolFormBtn</b><br>Test class: com.fbistech.testcases.School_OrganizationPageTest</td>
<td></td>
<td>3</td>
<td>com.fbistech.testcases.School_OrganizationPageTest@7a187f14</td></tr>
<tr>
<td title='com.fbistech.testcases.SponsorPageTest.verifyUserCanClickOnSporsorFormBtn()'><b>verifyUserCanClickOnSporsorFormBtn</b><br>Test class: com.fbistech.testcases.SponsorPageTest</td>
<td></td>
<td>3</td>
<td>com.fbistech.testcases.SponsorPageTest@51e2adc7</td></tr>
<tr>
<td title='com.fbistech.testcases.School_OrganizationPageTest.verifyUserCanClickSponsorLink()'><b>verifyUserCanClickSponsorLink</b><br>Test class: com.fbistech.testcases.School_OrganizationPageTest</td>
<td></td>
<td>0</td>
<td>com.fbistech.testcases.School_OrganizationPageTest@7a187f14</td></tr>
<tr>
<td title='com.fbistech.testcases.SponsorPageTest.verifyUserCanClickSponsorLink()'><b>verifyUserCanClickSponsorLink</b><br>Test class: com.fbistech.testcases.SponsorPageTest</td>
<td></td>
<td>0</td>
<td>com.fbistech.testcases.SponsorPageTest@51e2adc7</td></tr>
<tr>
<td title='com.fbistech.testcases.TutorPageTest.verifyUserCanClickSponsorLink()'><b>verifyUserCanClickSponsorLink</b><br>Test class: com.fbistech.testcases.TutorPageTest</td>
<td></td>
<td>0</td>
<td>com.fbistech.testcases.TutorPageTest@2353b3e6</td></tr>
<tr>
<td title='com.fbistech.testcases.SubscribePageTest.verifyUserCanClickSubscribeLink()'><b>verifyUserCanClickSubscribeLink</b><br>Test class: com.fbistech.testcases.SubscribePageTest</td>
<td></td>
<td>0</td>
<td>com.fbistech.testcases.SubscribePageTest@1a8a8f7c</td></tr>
<tr>
<td title='com.fbistech.testcases.School_OrganizationPageTest.verifyUserCanFillSponsorForm()'><b>verifyUserCanFillSponsorForm</b><br>Test class: com.fbistech.testcases.School_OrganizationPageTest</td>
<td></td>
<td>3</td>
<td>com.fbistech.testcases.School_OrganizationPageTest@7a187f14</td></tr>
<tr>
<td title='com.fbistech.testcases.SponsorPageTest.verifyUserCanFillSponsorForm()'><b>verifyUserCanFillSponsorForm</b><br>Test class: com.fbistech.testcases.SponsorPageTest</td>
<td></td>
<td>4</td>
<td>com.fbistech.testcases.SponsorPageTest@51e2adc7</td></tr>
<tr>
<td title='com.fbistech.testcases.TutorPageTest.verifyUserCanFillTutorForm()'><b>verifyUserCanFillTutorForm</b><br>Test class: com.fbistech.testcases.TutorPageTest</td>
<td></td>
<td>4</td>
<td>com.fbistech.testcases.TutorPageTest@2353b3e6</td></tr>
</table><p>
</body>
</html>