<?xml version="1.0" encoding="UTF-8"?>
<!-- Generated by org.testng.reporters.JUnitXMLReporter -->
<testsuite hostname="Josephs-MacBoo.local" ignored="0" name="Beamsity App Test Cases" tests="18" failures="3" timestamp="2021-01-21T20:47:51 WAT" time="218.514" errors="0">
  <testcase name="verifyUserCanClickCompanyLink" time="0.088" classname="com.fbistech.testcases.CompanyPageTest"/>
  <testcase name="verifyUserCanClickCoursesLink" time="0.052" classname="com.fbistech.testcases.CoursesPageTest"/>
  <testcase name="verifyLoginPageTitleTest" time="0.008" classname="com.fbistech.testcases.LoginPageTest">
    <failure type="java.lang.AssertionError" message="expected [Login to Beamsity] but found [Beamsity]">
      <![CDATA[java.lang.AssertionError: expected [Login to Beamsity] but found [Beamsity]
at com.fbistech.testcases.LoginPageTest.verifyLoginPageTitleTest(LoginPageTest.java:46)
at java.util.ArrayList.forEach(ArrayList.java:1257)
... Removed 32 stack frames]]>
    </failure>
  </testcase> <!-- verifyLoginPageTitleTest -->
  <testcase name="verifyUserCanClickLoginLink" time="0.975" classname="com.fbistech.testcases.LoginPageTest">
    <failure type="org.openqa.selenium.ElementNotInteractableException" message="element not interactable: element has zero size
  (Session info: chrome=87.0.4280.141)
Build info: version: &amp;apos;3.141.59&amp;apos;, revision: &amp;apos;e82be7d358&amp;apos;, time: &amp;apos;2018-11-14T08:25:53&amp;apos;
System info: host: &amp;apos;Josephs-MacBoo.local&amp;apos;, ip: &amp;apos;fd00:0:0:1:34e0:24c0:f05e:914%en0&amp;apos;, os.name: &amp;apos;Mac OS X&amp;apos;, os.arch: &amp;apos;x86_64&amp;apos;, os.version: &amp;apos;10.15.7&amp;apos;, java.version: &amp;apos;1.8.0_241&amp;apos;
Driver info: org.openqa.selenium.chrome.ChromeDriver
Capabilities {acceptInsecureCerts: false, browserName: chrome, browserVersion: 87.0.4280.141, chrome: {chromedriverVersion: 87.0.4280.88 (89e2380a3e36c..., userDataDir: /var/folders/j4/j04gn4bj1dl...}, goog:chromeOptions: {debuggerAddress: localhost:61188}, javascriptEnabled: true, networkConnectionEnabled: false, pageLoadStrategy: normal, platform: MAC, platformName: MAC, proxy: Proxy(), setWindowRect: true, strictFileInteractability: false, timeouts: {implicit: 0, pageLoad: 300000, script: 30000}, unhandledPromptBehavior: dismiss and notify, webauthn:virtualAuthenticators: true}
Session ID: fde278c2cff38c2add1690a107c847af">
      <![CDATA[org.openqa.selenium.ElementNotInteractableException: element not interactable: element has zero size
  (Session info: chrome=87.0.4280.141)
Build info: version: '3.141.59', revision: 'e82be7d358', time: '2018-11-14T08:25:53'
System info: host: 'Josephs-MacBoo.local', ip: 'fd00:0:0:1:34e0:24c0:f05e:914%en0', os.name: 'Mac OS X', os.arch: 'x86_64', os.version: '10.15.7', java.version: '1.8.0_241'
Driver info: org.openqa.selenium.chrome.ChromeDriver
Capabilities {acceptInsecureCerts: false, browserName: chrome, browserVersion: 87.0.4280.141, chrome: {chromedriverVersion: 87.0.4280.88 (89e2380a3e36c..., userDataDir: /var/folders/j4/j04gn4bj1dl...}, goog:chromeOptions: {debuggerAddress: localhost:61188}, javascriptEnabled: true, networkConnectionEnabled: false, pageLoadStrategy: normal, platform: MAC, platformName: MAC, proxy: Proxy(), setWindowRect: true, strictFileInteractability: false, timeouts: {implicit: 0, pageLoad: 300000, script: 30000}, unhandledPromptBehavior: dismiss and notify, webauthn:virtualAuthenticators: true}
Session ID: fde278c2cff38c2add1690a107c847af
at org.openqa.selenium.remote.http.W3CHttpResponseCodec.createException(W3CHttpResponseCodec.java:187)
at org.openqa.selenium.remote.http.W3CHttpResponseCodec.decode(W3CHttpResponseCodec.java:122)
at org.openqa.selenium.remote.http.W3CHttpResponseCodec.decode(W3CHttpResponseCodec.java:49)
at org.openqa.selenium.remote.HttpCommandExecutor.execute(HttpCommandExecutor.java:158)
at org.openqa.selenium.remote.service.DriverCommandExecutor.execute(DriverCommandExecutor.java:83)
at org.openqa.selenium.remote.RemoteWebDriver.execute(RemoteWebDriver.java:552)
at org.openqa.selenium.remote.RemoteWebElement.execute(RemoteWebElement.java:285)
at org.openqa.selenium.remote.RemoteWebElement.click(RemoteWebElement.java:84)
at org.openqa.selenium.support.events.EventFiringWebDriver$EventFiringWebElement.lambda$new$0(EventFiringWebDriver.java:404)
at com.sun.proxy.$Proxy13.click(Unknown Source)
at org.openqa.selenium.support.events.EventFiringWebDriver$EventFiringWebElement.click(EventFiringWebDriver.java:417)
at org.openqa.selenium.support.pagefactory.internal.LocatingElementHandler.invoke(LocatingElementHandler.java:51)
at com.sun.proxy.$Proxy8.click(Unknown Source)
at com.fbistech.pages.SignUpPage.clickOnLoginLink(SignUpPage.java:72)
at com.fbistech.testcases.LoginPageTest.verifyUserCanClickLoginLink(LoginPageTest.java:57)
at java.util.ArrayList.forEach(ArrayList.java:1257)
... Removed 39 stack frames]]>
    </failure>
  </testcase> <!-- verifyUserCanClickLoginLink -->
  <testcase name="verifyUserCanClickSponsorLink" time="0.068" classname="com.fbistech.testcases.School_OrganizationPageTest"/>
  <testcase name="verifyUserCanClickOnSchoolFormBtn" time="3.148" classname="com.fbistech.testcases.School_OrganizationPageTest"/>
  <testcase name="verifyUserCanFillSponsorForm" time="3.857" classname="com.fbistech.testcases.School_OrganizationPageTest"/>
  <testcase name="signUpPageTitleTest" time="0.009" classname="com.fbistech.testcases.SignupPageTest">
    <failure type="junit.framework.ComparisonFailure" message="expected:&amp;lt;...&amp;gt; but was:&amp;lt;Signup to ...&amp;gt;">
      <![CDATA[junit.framework.ComparisonFailure: expected:<...> but was:<Signup to ...>
at junit.framework.Assert.assertEquals(Assert.java:81)
at junit.framework.Assert.assertEquals(Assert.java:87)
at com.fbistech.testcases.SignupPageTest.signUpPageTitleTest(SignupPageTest.java:40)
at java.util.ArrayList.forEach(ArrayList.java:1257)
... Removed 27 stack frames]]>
    </failure>
  </testcase> <!-- signUpPageTitleTest -->
  <testcase name="verifySignUpLinkTest" time="0.105" classname="com.fbistech.testcases.SignupPageTest"/>
  <testcase name="verifySignUpTest" time="1.231" classname="com.fbistech.testcases.SignupPageTest"/>
  <testcase name="verifyUserCanClickSponsorLink" time="0.126" classname="com.fbistech.testcases.SponsorPageTest"/>
  <testcase name="verifyUserCanClickOnSporsorFormBtn" time="3.205" classname="com.fbistech.testcases.SponsorPageTest"/>
  <testcase name="verifyUserCanFillSponsorForm" time="4.127" classname="com.fbistech.testcases.SponsorPageTest"/>
  <testcase name="verifyCountryDropdownValue" time="0.872" classname="com.fbistech.testcases.SponsorPageTest"/>
  <testcase name="verifyCityDropdownValue" time="0.658" classname="com.fbistech.testcases.SponsorPageTest"/>
  <testcase name="verifyUserCanClickSubscribeLink" time="0.082" classname="com.fbistech.testcases.SubscribePageTest"/>
  <testcase name="verifyUserCanClickSponsorLink" time="0.09" classname="com.fbistech.testcases.TutorPageTest"/>
  <testcase name="verifyUserCanFillTutorForm" time="4.129" classname="com.fbistech.testcases.TutorPageTest"/>
</testsuite> <!-- Beamsity App Test Cases -->
