<?xml version="1.0" encoding="UTF-8"?>
<testng-results skipped="0" failed="3" ignored="0" total="14" passed="11">
  <reporter-output>
  </reporter-output>
  <suite name="Default suite" duration-ms="447844" started-at="2021-11-05T19:35:09 WAT" finished-at="2021-11-05T19:42:37 WAT">
    <groups>
    </groups>
    <test name="Default test" duration-ms="447844" started-at="2021-11-05T19:35:09 WAT" finished-at="2021-11-05T19:42:37 WAT">
      <class name="com.fbistech.testcases.LoginPageTest">
        <test-method status="PASS" signature="setUp()[pri:0, instance:com.fbistech.testcases.LoginPageTest@78ac1102]" name="setUp" is-config="true" duration-ms="7240" started-at="2021-11-05T19:35:09 WAT" finished-at="2021-11-05T19:35:16 WAT">
          <reporter-output>
          </reporter-output>
        </test-method> <!-- setUp -->
        <test-method status="PASS" signature="verifyUserCanClickOnLoginLink()[pri:1, instance:com.fbistech.testcases.LoginPageTest@78ac1102]" name="verifyUserCanClickOnLoginLink" duration-ms="7208" started-at="2021-11-05T19:35:16 WAT" finished-at="2021-11-05T19:35:24 WAT">
          <reporter-output>
          </reporter-output>
        </test-method> <!-- verifyUserCanClickOnLoginLink -->
        <test-method status="PASS" signature="tearDown()[pri:0, instance:com.fbistech.testcases.LoginPageTest@78ac1102]" name="tearDown" is-config="true" duration-ms="5104" started-at="2021-11-05T19:35:24 WAT" finished-at="2021-11-05T19:35:29 WAT">
          <reporter-output>
          </reporter-output>
        </test-method> <!-- tearDown -->
        <test-method status="PASS" signature="setUp()[pri:0, instance:com.fbistech.testcases.LoginPageTest@78ac1102]" name="setUp" is-config="true" duration-ms="16590" started-at="2021-11-05T19:35:29 WAT" finished-at="2021-11-05T19:35:45 WAT">
          <reporter-output>
          </reporter-output>
        </test-method> <!-- setUp -->
        <test-method status="FAIL" signature="verifyUserLoginWith_ValideCredentials()[pri:2, instance:com.fbistech.testcases.LoginPageTest@78ac1102]" name="verifyUserLoginWith_ValideCredentials" duration-ms="26460" started-at="2021-11-05T19:35:45 WAT" finished-at="2021-11-05T19:36:12 WAT">
          <exception class="java.lang.AssertionError">
            <message>
              <![CDATA[URL does not matched expected [https://portal.beamsity.com/school/dashboard] but found [https://portal.beamsity.com/]]]>
            </message>
            <full-stacktrace>
              <![CDATA[java.lang.AssertionError: URL does not matched expected [https://portal.beamsity.com/school/dashboard] but found [https://portal.beamsity.com/]
at org.testng.Assert.fail(Assert.java:99)
at org.testng.Assert.failNotEquals(Assert.java:1037)
at org.testng.Assert.assertEqualsImpl(Assert.java:140)
at org.testng.Assert.assertEquals(Assert.java:122)
at org.testng.Assert.assertEquals(Assert.java:629)
at com.fbistech.testcases.LoginPageTest.verifyUserLoginWith_ValideCredentials(LoginPageTest.java:120)
at sun.reflect.NativeMethodAccessorImpl.invoke0(Native Method)
at sun.reflect.NativeMethodAccessorImpl.invoke(NativeMethodAccessorImpl.java:62)
at sun.reflect.DelegatingMethodAccessorImpl.invoke(DelegatingMethodAccessorImpl.java:43)
at java.lang.reflect.Method.invoke(Method.java:498)
at org.testng.internal.MethodInvocationHelper.invokeMethod(MethodInvocationHelper.java:133)
at org.testng.internal.TestInvoker.invokeMethod(TestInvoker.java:598)
at org.testng.internal.TestInvoker.invokeTestMethod(TestInvoker.java:173)
at org.testng.internal.MethodRunner.runInSequence(MethodRunner.java:46)
at org.testng.internal.TestInvoker$MethodInvocationAgent.invoke(TestInvoker.java:824)
at org.testng.internal.TestInvoker.invokeTestMethods(TestInvoker.java:146)
at org.testng.internal.TestMethodWorker.invokeTestMethods(TestMethodWorker.java:146)
at org.testng.internal.TestMethodWorker.run(TestMethodWorker.java:128)
at java.util.ArrayList.forEach(ArrayList.java:1257)
at org.testng.TestRunner.privateRun(TestRunner.java:794)
at org.testng.TestRunner.run(TestRunner.java:596)
at org.testng.SuiteRunner.runTest(SuiteRunner.java:377)
at org.testng.SuiteRunner.runSequentially(SuiteRunner.java:371)
at org.testng.SuiteRunner.privateRun(SuiteRunner.java:332)
at org.testng.SuiteRunner.run(SuiteRunner.java:276)
at org.testng.SuiteRunnerWorker.runSuite(SuiteRunnerWorker.java:53)
at org.testng.SuiteRunnerWorker.run(SuiteRunnerWorker.java:96)
at org.testng.TestNG.runSuitesSequentially(TestNG.java:1212)
at org.testng.TestNG.runSuitesLocally(TestNG.java:1134)
at org.testng.TestNG.runSuites(TestNG.java:1063)
at org.testng.TestNG.run(TestNG.java:1031)
at org.testng.remote.AbstractRemoteTestNG.run(AbstractRemoteTestNG.java:115)
at org.testng.remote.RemoteTestNG.initAndRun(RemoteTestNG.java:251)
at org.testng.remote.RemoteTestNG.main(RemoteTestNG.java:77)
]]>
            </full-stacktrace>
          </exception> <!-- java.lang.AssertionError -->
          <reporter-output>
          </reporter-output>
        </test-method> <!-- verifyUserLoginWith_ValideCredentials -->
        <test-method status="PASS" signature="tearDown()[pri:0, instance:com.fbistech.testcases.LoginPageTest@78ac1102]" name="tearDown" is-config="true" duration-ms="5111" started-at="2021-11-05T19:36:12 WAT" finished-at="2021-11-05T19:36:17 WAT">
          <reporter-output>
          </reporter-output>
        </test-method> <!-- tearDown -->
        <test-method status="PASS" signature="setUp()[pri:0, instance:com.fbistech.testcases.LoginPageTest@78ac1102]" name="setUp" is-config="true" duration-ms="11811" started-at="2021-11-05T19:36:17 WAT" finished-at="2021-11-05T19:36:29 WAT">
          <reporter-output>
          </reporter-output>
        </test-method> <!-- setUp -->
        <test-method status="PASS" signature="verifyUserCannotLoginWith_InvalideCredentials()[pri:3, instance:com.fbistech.testcases.LoginPageTest@78ac1102]" name="verifyUserCannotLoginWith_InvalideCredentials" duration-ms="15015" started-at="2021-11-05T19:36:29 WAT" finished-at="2021-11-05T19:36:44 WAT">
          <reporter-output>
          </reporter-output>
        </test-method> <!-- verifyUserCannotLoginWith_InvalideCredentials -->
        <test-method status="PASS" signature="tearDown()[pri:0, instance:com.fbistech.testcases.LoginPageTest@78ac1102]" name="tearDown" is-config="true" duration-ms="5104" started-at="2021-11-05T19:36:44 WAT" finished-at="2021-11-05T19:36:49 WAT">
          <reporter-output>
          </reporter-output>
        </test-method> <!-- tearDown -->
        <test-method status="PASS" signature="setUp()[pri:0, instance:com.fbistech.testcases.LoginPageTest@78ac1102]" name="setUp" is-config="true" duration-ms="9609" started-at="2021-11-05T19:36:49 WAT" finished-at="2021-11-05T19:36:58 WAT">
          <reporter-output>
          </reporter-output>
        </test-method> <!-- setUp -->
        <test-method status="PASS" signature="verifyUserCannotLoginWith_ValidEmail_InvalidPassword()[pri:4, instance:com.fbistech.testcases.LoginPageTest@78ac1102]" name="verifyUserCannotLoginWith_ValidEmail_InvalidPassword" duration-ms="23790" started-at="2021-11-05T19:36:58 WAT" finished-at="2021-11-05T19:37:22 WAT">
          <reporter-output>
          </reporter-output>
        </test-method> <!-- verifyUserCannotLoginWith_ValidEmail_InvalidPassword -->
        <test-method status="PASS" signature="tearDown()[pri:0, instance:com.fbistech.testcases.LoginPageTest@78ac1102]" name="tearDown" is-config="true" duration-ms="5103" started-at="2021-11-05T19:37:22 WAT" finished-at="2021-11-05T19:37:27 WAT">
          <reporter-output>
          </reporter-output>
        </test-method> <!-- tearDown -->
        <test-method status="PASS" signature="setUp()[pri:0, instance:com.fbistech.testcases.LoginPageTest@78ac1102]" name="setUp" is-config="true" duration-ms="6287" started-at="2021-11-05T19:37:27 WAT" finished-at="2021-11-05T19:37:34 WAT">
          <reporter-output>
          </reporter-output>
        </test-method> <!-- setUp -->
        <test-method status="PASS" signature="verifyUserCannotLoginWith_InvalidEmail_ValidPassword()[pri:5, instance:com.fbistech.testcases.LoginPageTest@78ac1102]" name="verifyUserCannotLoginWith_InvalidEmail_ValidPassword" duration-ms="24034" started-at="2021-11-05T19:37:34 WAT" finished-at="2021-11-05T19:37:58 WAT">
          <reporter-output>
          </reporter-output>
        </test-method> <!-- verifyUserCannotLoginWith_InvalidEmail_ValidPassword -->
        <test-method status="PASS" signature="tearDown()[pri:0, instance:com.fbistech.testcases.LoginPageTest@78ac1102]" name="tearDown" is-config="true" duration-ms="5179" started-at="2021-11-05T19:37:58 WAT" finished-at="2021-11-05T19:38:03 WAT">
          <reporter-output>
          </reporter-output>
        </test-method> <!-- tearDown -->
        <test-method status="PASS" signature="setUp()[pri:0, instance:com.fbistech.testcases.LoginPageTest@78ac1102]" name="setUp" is-config="true" duration-ms="9557" started-at="2021-11-05T19:38:03 WAT" finished-at="2021-11-05T19:38:12 WAT">
          <reporter-output>
          </reporter-output>
        </test-method> <!-- setUp -->
        <test-method status="PASS" signature="verifyUserCannotLoginWith_EmailWithoutDomaName_AndValidPassword()[pri:6, instance:com.fbistech.testcases.LoginPageTest@78ac1102]" name="verifyUserCannotLoginWith_EmailWithoutDomaName_AndValidPassword" duration-ms="23034" started-at="2021-11-05T19:38:12 WAT" finished-at="2021-11-05T19:38:35 WAT">
          <reporter-output>
          </reporter-output>
        </test-method> <!-- verifyUserCannotLoginWith_EmailWithoutDomaName_AndValidPassword -->
        <test-method status="PASS" signature="tearDown()[pri:0, instance:com.fbistech.testcases.LoginPageTest@78ac1102]" name="tearDown" is-config="true" duration-ms="5100" started-at="2021-11-05T19:38:35 WAT" finished-at="2021-11-05T19:38:41 WAT">
          <reporter-output>
          </reporter-output>
        </test-method> <!-- tearDown -->
        <test-method status="PASS" signature="setUp()[pri:0, instance:com.fbistech.testcases.LoginPageTest@78ac1102]" name="setUp" is-config="true" duration-ms="5117" started-at="2021-11-05T19:38:41 WAT" finished-at="2021-11-05T19:38:46 WAT">
          <reporter-output>
          </reporter-output>
        </test-method> <!-- setUp -->
        <test-method status="PASS" signature="verifyUserCannotLoginWith_EmailWithoutDomaNameExtension_AndValidPassword()[pri:7, instance:com.fbistech.testcases.LoginPageTest@78ac1102]" name="verifyUserCannotLoginWith_EmailWithoutDomaNameExtension_AndValidPassword" duration-ms="24895" started-at="2021-11-05T19:38:46 WAT" finished-at="2021-11-05T19:39:11 WAT">
          <reporter-output>
          </reporter-output>
        </test-method> <!-- verifyUserCannotLoginWith_EmailWithoutDomaNameExtension_AndValidPassword -->
        <test-method status="PASS" signature="tearDown()[pri:0, instance:com.fbistech.testcases.LoginPageTest@78ac1102]" name="tearDown" is-config="true" duration-ms="5105" started-at="2021-11-05T19:39:11 WAT" finished-at="2021-11-05T19:39:16 WAT">
          <reporter-output>
          </reporter-output>
        </test-method> <!-- tearDown -->
        <test-method status="PASS" signature="setUp()[pri:0, instance:com.fbistech.testcases.LoginPageTest@78ac1102]" name="setUp" is-config="true" duration-ms="16420" started-at="2021-11-05T19:39:16 WAT" finished-at="2021-11-05T19:39:32 WAT">
          <reporter-output>
          </reporter-output>
        </test-method> <!-- setUp -->
        <test-method status="PASS" signature="verifyUserCannotLoginWith_PasswordLessThan6DigitsCharacters()[pri:8, instance:com.fbistech.testcases.LoginPageTest@78ac1102]" name="verifyUserCannotLoginWith_PasswordLessThan6DigitsCharacters" duration-ms="18254" started-at="2021-11-05T19:39:32 WAT" finished-at="2021-11-05T19:39:50 WAT">
          <reporter-output>
          </reporter-output>
        </test-method> <!-- verifyUserCannotLoginWith_PasswordLessThan6DigitsCharacters -->
        <test-method status="PASS" signature="tearDown()[pri:0, instance:com.fbistech.testcases.LoginPageTest@78ac1102]" name="tearDown" is-config="true" duration-ms="5112" started-at="2021-11-05T19:39:50 WAT" finished-at="2021-11-05T19:39:55 WAT">
          <reporter-output>
          </reporter-output>
        </test-method> <!-- tearDown -->
        <test-method status="PASS" signature="setUp()[pri:0, instance:com.fbistech.testcases.LoginPageTest@78ac1102]" name="setUp" is-config="true" duration-ms="12078" started-at="2021-11-05T19:39:55 WAT" finished-at="2021-11-05T19:40:08 WAT">
          <reporter-output>
          </reporter-output>
        </test-method> <!-- setUp -->
        <test-method status="FAIL" signature="verifyUserCanClickForgotPasswordLink()[pri:9, instance:com.fbistech.testcases.LoginPageTest@78ac1102]" name="verifyUserCanClickForgotPasswordLink" duration-ms="7823" started-at="2021-11-05T19:40:08 WAT" finished-at="2021-11-05T19:40:15 WAT">
          <exception class="java.lang.AssertionError">
            <message>
              <![CDATA[URL does not matched expected [https://portal.beamsity.com/auth/forgot_password] but found [https://portal.beamsity.com/]]]>
            </message>
            <full-stacktrace>
              <![CDATA[java.lang.AssertionError: URL does not matched expected [https://portal.beamsity.com/auth/forgot_password] but found [https://portal.beamsity.com/]
at org.testng.Assert.fail(Assert.java:99)
at org.testng.Assert.failNotEquals(Assert.java:1037)
at org.testng.Assert.assertEqualsImpl(Assert.java:140)
at org.testng.Assert.assertEquals(Assert.java:122)
at org.testng.Assert.assertEquals(Assert.java:629)
at com.fbistech.testcases.LoginPageTest.verifyUserCanClickForgotPasswordLink(LoginPageTest.java:416)
at sun.reflect.NativeMethodAccessorImpl.invoke0(Native Method)
at sun.reflect.NativeMethodAccessorImpl.invoke(NativeMethodAccessorImpl.java:62)
at sun.reflect.DelegatingMethodAccessorImpl.invoke(DelegatingMethodAccessorImpl.java:43)
at java.lang.reflect.Method.invoke(Method.java:498)
at org.testng.internal.MethodInvocationHelper.invokeMethod(MethodInvocationHelper.java:133)
at org.testng.internal.TestInvoker.invokeMethod(TestInvoker.java:598)
at org.testng.internal.TestInvoker.invokeTestMethod(TestInvoker.java:173)
at org.testng.internal.MethodRunner.runInSequence(MethodRunner.java:46)
at org.testng.internal.TestInvoker$MethodInvocationAgent.invoke(TestInvoker.java:824)
at org.testng.internal.TestInvoker.invokeTestMethods(TestInvoker.java:146)
at org.testng.internal.TestMethodWorker.invokeTestMethods(TestMethodWorker.java:146)
at org.testng.internal.TestMethodWorker.run(TestMethodWorker.java:128)
at java.util.ArrayList.forEach(ArrayList.java:1257)
at org.testng.TestRunner.privateRun(TestRunner.java:794)
at org.testng.TestRunner.run(TestRunner.java:596)
at org.testng.SuiteRunner.runTest(SuiteRunner.java:377)
at org.testng.SuiteRunner.runSequentially(SuiteRunner.java:371)
at org.testng.SuiteRunner.privateRun(SuiteRunner.java:332)
at org.testng.SuiteRunner.run(SuiteRunner.java:276)
at org.testng.SuiteRunnerWorker.runSuite(SuiteRunnerWorker.java:53)
at org.testng.SuiteRunnerWorker.run(SuiteRunnerWorker.java:96)
at org.testng.TestNG.runSuitesSequentially(TestNG.java:1212)
at org.testng.TestNG.runSuitesLocally(TestNG.java:1134)
at org.testng.TestNG.runSuites(TestNG.java:1063)
at org.testng.TestNG.run(TestNG.java:1031)
at org.testng.remote.AbstractRemoteTestNG.run(AbstractRemoteTestNG.java:115)
at org.testng.remote.RemoteTestNG.initAndRun(RemoteTestNG.java:251)
at org.testng.remote.RemoteTestNG.main(RemoteTestNG.java:77)
]]>
            </full-stacktrace>
          </exception> <!-- java.lang.AssertionError -->
          <reporter-output>
          </reporter-output>
        </test-method> <!-- verifyUserCanClickForgotPasswordLink -->
        <test-method status="PASS" signature="tearDown()[pri:0, instance:com.fbistech.testcases.LoginPageTest@78ac1102]" name="tearDown" is-config="true" duration-ms="5106" started-at="2021-11-05T19:40:15 WAT" finished-at="2021-11-05T19:40:20 WAT">
          <reporter-output>
          </reporter-output>
        </test-method> <!-- tearDown -->
        <test-method status="PASS" signature="setUp()[pri:0, instance:com.fbistech.testcases.LoginPageTest@78ac1102]" name="setUp" is-config="true" duration-ms="4932" started-at="2021-11-05T19:40:20 WAT" finished-at="2021-11-05T19:40:25 WAT">
          <reporter-output>
          </reporter-output>
        </test-method> <!-- setUp -->
        <test-method status="PASS" signature="verifyUserCanTerminateForgotPasswordProcess()[pri:10, instance:com.fbistech.testcases.LoginPageTest@78ac1102]" name="verifyUserCanTerminateForgotPasswordProcess" duration-ms="10273" started-at="2021-11-05T19:40:25 WAT" finished-at="2021-11-05T19:40:36 WAT">
          <reporter-output>
          </reporter-output>
        </test-method> <!-- verifyUserCanTerminateForgotPasswordProcess -->
        <test-method status="PASS" signature="tearDown()[pri:0, instance:com.fbistech.testcases.LoginPageTest@78ac1102]" name="tearDown" is-config="true" duration-ms="5097" started-at="2021-11-05T19:40:36 WAT" finished-at="2021-11-05T19:40:41 WAT">
          <reporter-output>
          </reporter-output>
        </test-method> <!-- tearDown -->
        <test-method status="PASS" signature="setUp()[pri:0, instance:com.fbistech.testcases.LoginPageTest@78ac1102]" name="setUp" is-config="true" duration-ms="6171" started-at="2021-11-05T19:40:41 WAT" finished-at="2021-11-05T19:40:47 WAT">
          <reporter-output>
          </reporter-output>
        </test-method> <!-- setUp -->
        <test-method status="PASS" signature="verifyUserCanResetForgetPassword()[pri:11, instance:com.fbistech.testcases.LoginPageTest@78ac1102]" name="verifyUserCanResetForgetPassword" duration-ms="12373" started-at="2021-11-05T19:40:47 WAT" finished-at="2021-11-05T19:40:59 WAT">
          <reporter-output>
          </reporter-output>
        </test-method> <!-- verifyUserCanResetForgetPassword -->
        <test-method status="PASS" signature="tearDown()[pri:0, instance:com.fbistech.testcases.LoginPageTest@78ac1102]" name="tearDown" is-config="true" duration-ms="5099" started-at="2021-11-05T19:40:59 WAT" finished-at="2021-11-05T19:41:04 WAT">
          <reporter-output>
          </reporter-output>
        </test-method> <!-- tearDown -->
        <test-method status="PASS" signature="setUp()[pri:0, instance:com.fbistech.testcases.LoginPageTest@78ac1102]" name="setUp" is-config="true" duration-ms="4474" started-at="2021-11-05T19:41:04 WAT" finished-at="2021-11-05T19:41:09 WAT">
          <reporter-output>
          </reporter-output>
        </test-method> <!-- setUp -->
        <test-method status="FAIL" signature="verifyUserCannotResetForgetPasswordWithEmailWithoutServerHostName()[pri:12, instance:com.fbistech.testcases.LoginPageTest@78ac1102]" name="verifyUserCannotResetForgetPasswordWithEmailWithoutServerHostName" duration-ms="26296" started-at="2021-11-05T19:41:09 WAT" finished-at="2021-11-05T19:41:35 WAT">
          <exception class="org.openqa.selenium.NoSuchElementException">
            <message>
              <![CDATA[no such element: Unable to locate element: {"method":"xpath","selector":" //li[@class='chakra-toast']//div[@id='18']//*[@class='chakra-icon css-onkibi']"}
  (Session info: chrome=95.0.4638.69)
For documentation on this error, please visit: https://www.seleniumhq.org/exceptions/no_such_element.html
Build info: version: '3.141.59', revision: 'e82be7d358', time: '2018-11-14T08:25:53'
System info: host: 'Josephs-MacBoo.local', ip: 'fd00:0:0:1:e108:7c36:146e:5e6f%en0', os.name: 'Mac OS X', os.arch: 'x86_64', os.version: '10.15.7', java.version: '1.8.0_241'
Driver info: org.openqa.selenium.chrome.ChromeDriver
Capabilities {acceptInsecureCerts: false, browserName: chrome, browserVersion: 95.0.4638.69, chrome: {chromedriverVersion: 95.0.4638.54 (d31a821ec901f..., userDataDir: /var/folders/j4/j04gn4bj1dl...}, goog:chromeOptions: {debuggerAddress: localhost:63368}, javascriptEnabled: true, networkConnectionEnabled: false, pageLoadStrategy: normal, platform: MAC, platformName: MAC, proxy: Proxy(), setWindowRect: true, strictFileInteractability: false, timeouts: {implicit: 0, pageLoad: 300000, script: 30000}, unhandledPromptBehavior: dismiss and notify, webauthn:extension:credBlob: true, webauthn:extension:largeBlob: true, webauthn:virtualAuthenticators: true}
Session ID: ec915ca8311a29b4f086c764562638de
*** Element info: {Using=xpath, value= //li[@class='chakra-toast']//div[@id='18']//*[@class='chakra-icon css-onkibi']}]]>
            </message>
            <full-stacktrace>
              <![CDATA[org.openqa.selenium.NoSuchElementException: no such element: Unable to locate element: {"method":"xpath","selector":" //li[@class='chakra-toast']//div[@id='18']//*[@class='chakra-icon css-onkibi']"}
  (Session info: chrome=95.0.4638.69)
For documentation on this error, please visit: https://www.seleniumhq.org/exceptions/no_such_element.html
Build info: version: '3.141.59', revision: 'e82be7d358', time: '2018-11-14T08:25:53'
System info: host: 'Josephs-MacBoo.local', ip: 'fd00:0:0:1:e108:7c36:146e:5e6f%en0', os.name: 'Mac OS X', os.arch: 'x86_64', os.version: '10.15.7', java.version: '1.8.0_241'
Driver info: org.openqa.selenium.chrome.ChromeDriver
Capabilities {acceptInsecureCerts: false, browserName: chrome, browserVersion: 95.0.4638.69, chrome: {chromedriverVersion: 95.0.4638.54 (d31a821ec901f..., userDataDir: /var/folders/j4/j04gn4bj1dl...}, goog:chromeOptions: {debuggerAddress: localhost:63368}, javascriptEnabled: true, networkConnectionEnabled: false, pageLoadStrategy: normal, platform: MAC, platformName: MAC, proxy: Proxy(), setWindowRect: true, strictFileInteractability: false, timeouts: {implicit: 0, pageLoad: 300000, script: 30000}, unhandledPromptBehavior: dismiss and notify, webauthn:extension:credBlob: true, webauthn:extension:largeBlob: true, webauthn:virtualAuthenticators: true}
Session ID: ec915ca8311a29b4f086c764562638de
*** Element info: {Using=xpath, value= //li[@class='chakra-toast']//div[@id='18']//*[@class='chakra-icon css-onkibi']}
at sun.reflect.NativeConstructorAccessorImpl.newInstance0(Native Method)
at sun.reflect.NativeConstructorAccessorImpl.newInstance(NativeConstructorAccessorImpl.java:62)
at sun.reflect.DelegatingConstructorAccessorImpl.newInstance(DelegatingConstructorAccessorImpl.java:45)
at java.lang.reflect.Constructor.newInstance(Constructor.java:423)
at org.openqa.selenium.remote.http.W3CHttpResponseCodec.createException(W3CHttpResponseCodec.java:187)
at org.openqa.selenium.remote.http.W3CHttpResponseCodec.decode(W3CHttpResponseCodec.java:122)
at org.openqa.selenium.remote.http.W3CHttpResponseCodec.decode(W3CHttpResponseCodec.java:49)
at org.openqa.selenium.remote.HttpCommandExecutor.execute(HttpCommandExecutor.java:158)
at org.openqa.selenium.remote.service.DriverCommandExecutor.execute(DriverCommandExecutor.java:83)
at org.openqa.selenium.remote.RemoteWebDriver.execute(RemoteWebDriver.java:552)
at org.openqa.selenium.remote.RemoteWebDriver.findElement(RemoteWebDriver.java:323)
at org.openqa.selenium.remote.RemoteWebDriver.findElementByXPath(RemoteWebDriver.java:428)
at org.openqa.selenium.By$ByXPath.findElement(By.java:353)
at org.openqa.selenium.remote.RemoteWebDriver.findElement(RemoteWebDriver.java:315)
at sun.reflect.GeneratedMethodAccessor3.invoke(Unknown Source)
at sun.reflect.DelegatingMethodAccessorImpl.invoke(DelegatingMethodAccessorImpl.java:43)
at java.lang.reflect.Method.invoke(Method.java:498)
at org.openqa.selenium.support.events.EventFiringWebDriver.lambda$new$1(EventFiringWebDriver.java:105)
at com.sun.proxy.$Proxy8.findElement(Unknown Source)
at org.openqa.selenium.support.events.EventFiringWebDriver.findElement(EventFiringWebDriver.java:194)
at org.openqa.selenium.support.pagefactory.DefaultElementLocator.findElement(DefaultElementLocator.java:69)
at org.openqa.selenium.support.pagefactory.internal.LocatingElementHandler.invoke(LocatingElementHandler.java:38)
at com.sun.proxy.$Proxy13.click(Unknown Source)
at com.fbistech.pages.LoginPage.validateClickOnCancel_EmailMustBeAValidEmailAddressErrorPromptButton(LoginPage.java:291)
at com.fbistech.testcases.LoginPageTest.verifyUserCannotResetForgetPasswordWithEmailWithoutServerHostName(LoginPageTest.java:568)
at sun.reflect.NativeMethodAccessorImpl.invoke0(Native Method)
at sun.reflect.NativeMethodAccessorImpl.invoke(NativeMethodAccessorImpl.java:62)
at sun.reflect.DelegatingMethodAccessorImpl.invoke(DelegatingMethodAccessorImpl.java:43)
at java.lang.reflect.Method.invoke(Method.java:498)
at org.testng.internal.MethodInvocationHelper.invokeMethod(MethodInvocationHelper.java:133)
at org.testng.internal.TestInvoker.invokeMethod(TestInvoker.java:598)
at org.testng.internal.TestInvoker.invokeTestMethod(TestInvoker.java:173)
at org.testng.internal.MethodRunner.runInSequence(MethodRunner.java:46)
at org.testng.internal.TestInvoker$MethodInvocationAgent.invoke(TestInvoker.java:824)
at org.testng.internal.TestInvoker.invokeTestMethods(TestInvoker.java:146)
at org.testng.internal.TestMethodWorker.invokeTestMethods(TestMethodWorker.java:146)
at org.testng.internal.TestMethodWorker.run(TestMethodWorker.java:128)
at java.util.ArrayList.forEach(ArrayList.java:1257)
at org.testng.TestRunner.privateRun(TestRunner.java:794)
at org.testng.TestRunner.run(TestRunner.java:596)
at org.testng.SuiteRunner.runTest(SuiteRunner.java:377)
at org.testng.SuiteRunner.runSequentially(SuiteRunner.java:371)
at org.testng.SuiteRunner.privateRun(SuiteRunner.java:332)
at org.testng.SuiteRunner.run(SuiteRunner.java:276)
at org.testng.SuiteRunnerWorker.runSuite(SuiteRunnerWorker.java:53)
at org.testng.SuiteRunnerWorker.run(SuiteRunnerWorker.java:96)
at org.testng.TestNG.runSuitesSequentially(TestNG.java:1212)
at org.testng.TestNG.runSuitesLocally(TestNG.java:1134)
at org.testng.TestNG.runSuites(TestNG.java:1063)
at org.testng.TestNG.run(TestNG.java:1031)
at org.testng.remote.AbstractRemoteTestNG.run(AbstractRemoteTestNG.java:115)
at org.testng.remote.RemoteTestNG.initAndRun(RemoteTestNG.java:251)
at org.testng.remote.RemoteTestNG.main(RemoteTestNG.java:77)
]]>
            </full-stacktrace>
          </exception> <!-- org.openqa.selenium.NoSuchElementException -->
          <reporter-output>
          </reporter-output>
        </test-method> <!-- verifyUserCannotResetForgetPasswordWithEmailWithoutServerHostName -->
        <test-method status="PASS" signature="tearDown()[pri:0, instance:com.fbistech.testcases.LoginPageTest@78ac1102]" name="tearDown" is-config="true" duration-ms="5099" started-at="2021-11-05T19:41:35 WAT" finished-at="2021-11-05T19:41:40 WAT">
          <reporter-output>
          </reporter-output>
        </test-method> <!-- tearDown -->
        <test-method status="PASS" signature="setUp()[pri:0, instance:com.fbistech.testcases.LoginPageTest@78ac1102]" name="setUp" is-config="true" duration-ms="16799" started-at="2021-11-05T19:41:40 WAT" finished-at="2021-11-05T19:41:57 WAT">
          <reporter-output>
          </reporter-output>
        </test-method> <!-- setUp -->
        <test-method status="PASS" signature="verifyUserCannotResetForgetPasswordWithEmailWithoutDomainName()[pri:13, instance:com.fbistech.testcases.LoginPageTest@78ac1102]" name="verifyUserCannotResetForgetPasswordWithEmailWithoutDomainName" duration-ms="16259" started-at="2021-11-05T19:41:57 WAT" finished-at="2021-11-05T19:42:13 WAT">
          <reporter-output>
          </reporter-output>
        </test-method> <!-- verifyUserCannotResetForgetPasswordWithEmailWithoutDomainName -->
        <test-method status="PASS" signature="tearDown()[pri:0, instance:com.fbistech.testcases.LoginPageTest@78ac1102]" name="tearDown" is-config="true" duration-ms="5109" started-at="2021-11-05T19:42:13 WAT" finished-at="2021-11-05T19:42:18 WAT">
          <reporter-output>
          </reporter-output>
        </test-method> <!-- tearDown -->
        <test-method status="PASS" signature="setUp()[pri:0, instance:com.fbistech.testcases.LoginPageTest@78ac1102]" name="setUp" is-config="true" duration-ms="5304" started-at="2021-11-05T19:42:18 WAT" finished-at="2021-11-05T19:42:24 WAT">
          <reporter-output>
          </reporter-output>
        </test-method> <!-- setUp -->
        <test-method status="PASS" signature="verifyUserCanNavigateToTermsAndConditionsPage()[pri:14, instance:com.fbistech.testcases.LoginPageTest@78ac1102]" name="verifyUserCanNavigateToTermsAndConditionsPage" duration-ms="8140" started-at="2021-11-05T19:42:24 WAT" finished-at="2021-11-05T19:42:32 WAT">
          <reporter-output>
          </reporter-output>
        </test-method> <!-- verifyUserCanNavigateToTermsAndConditionsPage -->
        <test-method status="PASS" signature="tearDown()[pri:0, instance:com.fbistech.testcases.LoginPageTest@78ac1102]" name="tearDown" is-config="true" duration-ms="5109" started-at="2021-11-05T19:42:32 WAT" finished-at="2021-11-05T19:42:37 WAT">
          <reporter-output>
          </reporter-output>
        </test-method> <!-- tearDown -->
      </class> <!-- com.fbistech.testcases.LoginPageTest -->
    </test> <!-- Default test -->
  </suite> <!-- Default suite -->
</testng-results>
